/Users/cyhsu/dev/virus/api/icu/icu.04-08-2020_14:42:03
/Users/cyhsu/dev/virus/api/icu/icu.04-08-2020_15:10:04
 
/Users/cyhsu/dev/virus/api/cases/Texas/Texas.DSHS.04-08-2020_18:00:04
/Users/cyhsu/dev/virus/api/icu/icu.04-08-2020_18:00:05
[master f8b4c9e] Update on  04-08-2020_18:00:06
 Committer: Chuan-Yuan Hsu <cyhsu@cyhsu.tamu.edu>
Your name and email address were configured automatically based
on your username and hostname. Please check that they are accurate.
You can suppress this message by setting them explicitly. Run the
following command and follow the instructions in your editor to edit
your configuration file:

    git config --global --edit

After doing this, you may fix the identity used for this commit with:

    git commit --amend --reset-author

 2 files changed, 4 insertions(+), 2 deletions(-)
 
/Users/cyhsu/dev/virus/api/cases/Texas/Texas.DSHS.04-09-2020_00:00:05
/Users/cyhsu/dev/virus/api/icu/icu.04-09-2020_00:00:07
[master de687ad] Update on  04-09-2020_00:00:08
 Committer: Chuan-Yuan Hsu <cyhsu@cyhsu.tamu.edu>
Your name and email address were configured automatically based
on your username and hostname. Please check that they are accurate.
You can suppress this message by setting them explicitly. Run the
following command and follow the instructions in your editor to edit
your configuration file:

    git config --global --edit

After doing this, you may fix the identity used for this commit with:

    git commit --amend --reset-author

 1 file changed, 18 insertions(+)
 
/Users/cyhsu/dev/virus/api/cases/Texas/Texas.DSHS.04-09-2020_12:00:06
/Users/cyhsu/dev/virus/api/icu/icu.04-09-2020_12:00:08
[master c734bfc] Update on  04-09-2020_12:00:10
 Committer: Chuan-Yuan Hsu <cyhsu@cyhsu.tamu.edu>
Your name and email address were configured automatically based
on your username and hostname. Please check that they are accurate.
You can suppress this message by setting them explicitly. Run the
following command and follow the instructions in your editor to edit
your configuration file:

    git config --global --edit

After doing this, you may fix the identity used for this commit with:

    git commit --amend --reset-author

 3 files changed, 4601 insertions(+)
 create mode 100644 api/cases/texas/2020-04-09_17:00:03.dat
 create mode 100644 api/cases/texas/Texas.DSHS.04-09-2020_12:00:06
 
/Users/cyhsu/dev/virus/api/cases/Texas/Texas.DSHS.04-09-2020_18:00:05
/Users/cyhsu/dev/virus/api/icu/icu.04-09-2020_18:00:07
[master efd6453] Update on  04-09-2020_18:00:09
 Committer: Chuan-Yuan Hsu <cyhsu@cyhsu.tamu.edu>
Your name and email address were configured automatically based
on your username and hostname. Please check that they are accurate.
You can suppress this message by setting them explicitly. Run the
following command and follow the instructions in your editor to edit
your configuration file:

    git config --global --edit

After doing this, you may fix the identity used for this commit with:

    git commit --amend --reset-author

 3 files changed, 4603 insertions(+)
 create mode 100644 api/cases/texas/2020-04-09_17:09:16.dat
 create mode 100644 api/cases/texas/Texas.DSHS.04-09-2020_18:00:05
 
/Users/cyhsu/dev/virus/api/cases/Texas/Texas.DSHS.04-10-2020_00:00:05
/Users/cyhsu/dev/virus/api/icu/icu.04-10-2020_00:00:06
[master 65d22ed] Update on  04-10-2020_00:00:07
 Committer: Chuan-Yuan Hsu <cyhsu@cyhsu.tamu.edu>
Your name and email address were configured automatically based
on your username and hostname. Please check that they are accurate.
You can suppress this message by setting them explicitly. Run the
following command and follow the instructions in your editor to edit
your configuration file:

    git config --global --edit

After doing this, you may fix the identity used for this commit with:

    git commit --amend --reset-author

 1 file changed, 20 insertions(+)
 
/Users/cyhsu/dev/virus/api/cases/Texas/Texas.DSHS.04-10-2020_12:00:03
/Users/cyhsu/dev/virus/api/icu/icu.04-10-2020_12:00:05
[master b04af24] Update on  04-10-2020_12:00:06
 Committer: Chuan-Yuan Hsu <cyhsu@cyhsu.tamu.edu>
Your name and email address were configured automatically based
on your username and hostname. Please check that they are accurate.
You can suppress this message by setting them explicitly. Run the
following command and follow the instructions in your editor to edit
your configuration file:

    git config --global --edit

After doing this, you may fix the identity used for this commit with:

    git commit --amend --reset-author

 3 files changed, 4601 insertions(+)
 create mode 100644 api/cases/texas/2020-04-10_16:54:12.dat
 create mode 100644 api/cases/texas/Texas.DSHS.04-10-2020_12:00:03
 
/Users/cyhsu/dev/virus/api/cases/Texas/Texas.DSHS.04-10-2020_18:00:03
/Users/cyhsu/dev/virus/api/icu/icu.04-10-2020_18:00:05
[master e20ed44] Update on  04-10-2020_18:00:06
 Committer: Chuan-Yuan Hsu <cyhsu@cyhsu.tamu.edu>
Your name and email address were configured automatically based
on your username and hostname. Please check that they are accurate.
You can suppress this message by setting them explicitly. Run the
following command and follow the instructions in your editor to edit
your configuration file:

    git config --global --edit

After doing this, you may fix the identity used for this commit with:

    git commit --amend --reset-author

 3 files changed, 4603 insertions(+)
 create mode 100644 api/cases/texas/2020-04-10_17:00:53.dat
 create mode 100644 api/cases/texas/Texas.DSHS.04-10-2020_18:00:03
 
/Users/cyhsu/dev/virus/api/cases/Texas/Texas.DSHS.04-12-2020_18:00:05
/Users/cyhsu/dev/virus/api/icu/icu.04-12-2020_18:00:07
